<?xml version="1.0" encoding="UTF-8"?>
<!-- Generated by org.testng.reporters.JUnitXMLReporter -->
<testsuite hostname="DESKTOP-GM23KH9" name="Testing" tests="6" failures="3" timestamp="27 Jul 2019 01:34:52 GMT" time="28.144" errors="0">
  <testcase name="TC001_CheckifLogoisPresent" time="0.204" classname="com.crm.qa.testcases.FlightTestCases">
    <failure type="java.lang.AssertionError" message="expected [false] but found [true]">
      <![CDATA[java.lang.AssertionError: expected [false] but found [true]
	at com.crm.qa.testcases.FlightTestCases.TC001_CheckifLogoisPresent(FlightTestCases.java:31)
... Removed 28 stack frames]]>
    </failure>
  </testcase> <!-- TC001_CheckifLogoisPresent -->
  <testcase name="TC001_CheckifLogoisPresent" time="0.053" classname="com.crm.qa.testcases.FlightTestCases">
    <failure type="java.lang.AssertionError" message="expected [false] but found [true]">
      <![CDATA[java.lang.AssertionError: expected [false] but found [true]
	at com.crm.qa.testcases.FlightTestCases.TC001_CheckifLogoisPresent(FlightTestCases.java:31)
... Removed 28 stack frames]]>
    </failure>
  </testcase> <!-- TC001_CheckifLogoisPresent -->
  <testcase name="TC001_CheckifLogoisPresent" time="0.072" classname="com.crm.qa.testcases.FlightTestCases">
    <failure type="java.lang.AssertionError" message="expected [false] but found [true]">
      <![CDATA[java.lang.AssertionError: expected [false] but found [true]
	at com.crm.qa.testcases.FlightTestCases.TC001_CheckifLogoisPresent(FlightTestCases.java:31)
... Removed 28 stack frames]]>
    </failure>
  </testcase> <!-- TC001_CheckifLogoisPresent -->
  <testcase name="TC002_SelectFlightOption" time="9.896" classname="com.crm.qa.testcases.FlightTestCases"/>
  <testcase name="TC001_VerifyHeaderContent" time="0.097" classname="com.crm.qa.testcases.SearchFlightTestCases"/>
  <testcase name="TC002_SearchFligh" time="2.726" classname="com.crm.qa.testcases.SearchFlightTestCases"/>
</testsuite> <!-- Testing -->
