<?xml version="1.0" encoding="UTF-8"?>
<!-- Generated by org.testng.reporters.JUnitXMLReporter -->
<testsuite hostname="DESKTOP-GM23KH9" name="Testing(failed)" tests="1" failures="1" timestamp="21 Jul 2019 13:46:21 GMT" time="36.113" errors="0">
  <testcase name="TC002_SearchFligh" time="2.723" classname="com.crm.qa.testcases.SearchFlightTestCases">
    <failure type="java.lang.AssertionError" message="Mandatory data is missing expected [Search flights1] but found [Search flights]">
      <![CDATA[java.lang.AssertionError: Mandatory data is missing expected [Search flights1] but found [Search flights]
	at com.crm.qa.testcases.SearchFlightTestCases.TC002_SearchFligh(SearchFlightTestCases.java:39)
... Removed 28 stack frames]]>
    </failure>
  </testcase> <!-- TC002_SearchFligh -->
</testsuite> <!-- Testing(failed) -->
